\BOOKMARK [0][-]{chapter.1}{\376\377\000L\000e\000z\000i\000o\000n\000e\000\040\0001\000\040\000-\000\040\0002\0004\000/\0000\0009}{}% 1
\BOOKMARK [1][-]{section.1.1}{\376\377\000O\000p\000e\000r\000a\000z\000i\000o\000n\000e\000\040\000B\000i\000n\000a\000r\000i\000a}{chapter.1}% 2
\BOOKMARK [1][-]{section.1.2}{\376\377\000S\000t\000r\000u\000t\000t\000u\000r\000e\000\040\000A\000l\000g\000e\000b\000r\000i\000c\000h\000e}{chapter.1}% 3
\BOOKMARK [2][-]{subsection.1.2.1}{\376\377\000G\000r\000u\000p\000p\000o}{section.1.2}% 4
\BOOKMARK [2][-]{subsection.1.2.2}{\376\377\000A\000n\000e\000l\000l\000o}{section.1.2}% 5
\BOOKMARK [2][-]{subsection.1.2.3}{\376\377\000C\000a\000m\000p\000o}{section.1.2}% 6
\BOOKMARK [2][-]{subsection.1.2.4}{\376\377\000S\000p\000a\000z\000i\000o\000\040\000V\000e\000t\000t\000o\000r\000i\000a\000l\000e}{section.1.2}% 7
\BOOKMARK [0][-]{chapter.2}{\376\377\000L\000e\000z\000i\000o\000n\000e\000\040\0002\000\040\000-\000\040\0002\0006\000/\0000\0009}{}% 8
\BOOKMARK [1][-]{section.2.1}{\376\377\000M\000a\000t\000r\000i\000c\000e}{chapter.2}% 9
\BOOKMARK [1][-]{section.2.2}{\376\377\000P\000o\000l\000i\000n\000o\000m\000i}{chapter.2}% 10
\BOOKMARK [0][-]{chapter.3}{\376\377\000L\000e\000z\000i\000o\000n\000e\000\040\0003\000\040\000-\000\040\0000\0001\000/\0001\0000}{}% 11
\BOOKMARK [1][-]{section.3.1}{\376\377\000M\000a\000t\000r\000i\000c\000e\000\040\000T\000r\000a\000s\000p\000o\000s\000t\000a}{chapter.3}% 12
\BOOKMARK [1][-]{section.3.2}{\376\377\000P\000r\000o\000d\000o\000t\000t\000o\000\040\000S\000c\000a\000l\000a\000r\000e}{chapter.3}% 13
\BOOKMARK [1][-]{section.3.3}{\376\377\000M\000a\000t\000r\000i\000c\000e\000\040\000C\000o\000n\000f\000o\000r\000m\000a\000b\000i\000l\000e}{chapter.3}% 14
\BOOKMARK [1][-]{section.3.4}{\376\377\000P\000r\000o\000d\000o\000t\000t\000o\000\040\000R\000i\000g\000a\000\040\000p\000e\000r\000\040\000C\000o\000l\000o\000n\000n\000a}{chapter.3}% 15
\BOOKMARK [1][-]{section.3.5}{\376\377\000S\000i\000s\000t\000e\000m\000a\000\040\000L\000i\000n\000e\000a\000r\000e}{chapter.3}% 16
\BOOKMARK [1][-]{section.3.6}{\376\377\000O\000p\000e\000r\000a\000z\000i\000o\000n\000i\000\040\000o\000\040\000T\000r\000a\000s\000f\000o\000r\000m\000a\000z\000i\000o\000n\000i\000\040\000E\000l\000e\000m\000e\000n\000t\000a\000r\000i\000\040\000s\000u\000l\000l\000e\000\040\000R\000i\000g\000h\000e\000\040\000d\000i\000\040\000u\000n\000a\000\040\000M\000a\000t\000r\000i\000c\000e}{chapter.3}% 17
\BOOKMARK [0][-]{chapter.4}{\376\377\000L\000e\000z\000i\000o\000n\000e\000\040\0004\000\040\000-\000\040\0003\000/\0001\0000\000\040\000\050\000T\000e\000a\000m\000s\000\051}{}% 18
\BOOKMARK [1][-]{section.4.1}{\376\377\000M\000a\000t\000r\000i\000c\000e\000\040\000a\000\040\000G\000r\000a\000d\000i\000n\000i\000\040\000e\000\040\000C\000o\000m\000p\000l\000e\000t\000a\000m\000e\000n\000t\000e\000\040\000a\000\040\000G\000r\000a\000d\000i\000n\000i}{chapter.4}% 19
\BOOKMARK [1][-]{section.4.2}{\376\377\000A\000l\000g\000o\000r\000i\000t\000m\000o\000\040\000d\000i\000\040\000G\000a\000u\000s\000s}{chapter.4}% 20
\BOOKMARK [1][-]{section.4.3}{\376\377\000T\000e\000o\000r\000e\000m\000a\000\040\000d\000i\000\040\000s\000t\000r\000u\000t\000t\000u\000r\000a}{chapter.4}% 21
\BOOKMARK [1][-]{section.4.4}{\376\377\000P\000r\000o\000p\000r\000i\000e\000t\000\340\000\040\000d\000e\000l\000l\000'\000i\000n\000s\000i\000e\000m\000e\000\040\000S\0000\000\040\000c\000o\000m\000e\000\040\000s\000o\000t\000t\000o\000s\000p\000a\000z\000i\000o\000\040\000v\000e\000t\000t\000o\000r\000i\000a\000l\000e}{chapter.4}% 22
\BOOKMARK [0][-]{chapter.5}{\376\377\000L\000e\000z\000i\000o\000n\000e\000\040\0005\000\040\000-\000\040\0000\0008\000/\0001\0000}{}% 23
\BOOKMARK [1][-]{section.5.1}{\376\377\000S\000i\000s\000t\000e\000m\000i\000\040\000d\000i\000\040\000G\000e\000n\000e\000r\000a\000t\000o\000r\000i}{chapter.5}% 24
\BOOKMARK [1][-]{section.5.2}{\376\377\000D\000i\000p\000e\000n\000d\000e\000n\000z\000a\000\040\000e\000\040\000i\000n\000d\000i\000p\000e\000n\000d\000e\000n\000z\000a\000\040\000l\000i\000n\000e\000a\000r\000e}{chapter.5}% 25
